<?xml version="1.0" encoding="UTF-8"?>
<!-- Generated by org.testng.reporters.JUnitXMLReporter -->
<testsuite ignored="2" hostname="DESKTOP-7IK17HP" failures="2" tests="3" name="Loan Details(failed)" time="0.23" errors="0" timestamp="2020-08-31T17:18:40 IST">
  <testcase classname="bank.loan.PersonalDetails" name="hobies" time="0.0">
    <failure type="org.testng.TestNGException" message="
Parameter &amp;apos;URL&amp;apos; is required by @Test on method hobies but has not been marked @Optional or defined
in C:\Users\PARANTHAMAN GEETHA\eclipse-workspace\TestNGTutorial\test-output\testng-failed.xml">
      <![CDATA[org.testng.TestNGException: 
Parameter 'URL' is required by @Test on method hobies but has not been marked @Optional or defined
in C:\Users\PARANTHAMAN GEETHA\eclipse-workspace\TestNGTutorial\test-output\testng-failed.xml
at java.base/java.util.concurrent.ThreadPoolExecutor.runWorker(ThreadPoolExecutor.java:1130)
at java.base/java.util.concurrent.ThreadPoolExecutor$Worker.run(ThreadPoolExecutor.java:630)
at java.base/java.lang.Thread.run(Thread.java:832)
... Removed 11 stack frames]]>
    </failure>
  </testcase> <!-- hobies -->
  <testcase classname="bank.loan.BankDetails" name="hobbies" time="0.064"/>
  <testcase classname="bank.loan.BankDetails" name="carLoan" time="0.0">
    <failure type="org.testng.TestNGException" message="
Parameter &amp;apos;URL&amp;apos; is required by @Test on method carLoan but has not been marked @Optional or defined
in C:\Users\PARANTHAMAN GEETHA\eclipse-workspace\TestNGTutorial\test-output\testng-failed.xml">
      <![CDATA[org.testng.TestNGException: 
Parameter 'URL' is required by @Test on method carLoan but has not been marked @Optional or defined
in C:\Users\PARANTHAMAN GEETHA\eclipse-workspace\TestNGTutorial\test-output\testng-failed.xml
at java.base/java.util.concurrent.ThreadPoolExecutor.runWorker(ThreadPoolExecutor.java:1130)
at java.base/java.util.concurrent.ThreadPoolExecutor$Worker.run(ThreadPoolExecutor.java:630)
at java.base/java.lang.Thread.run(Thread.java:832)
... Removed 11 stack frames]]>
    </failure>
  </testcase> <!-- carLoan -->
  <testcase classname="bank.loan.BankDetails" name="perosnalLoan" time="0.0">
    <ignored/>
  </testcase> <!-- perosnalLoan -->
  <testcase classname="bank.loan.PersonalDetails" name="familyDetails" time="0.0">
    <ignored/>
  </testcase> <!-- familyDetails -->
</testsuite> <!-- Loan Details(failed) -->
