<?xml version="1.0" encoding="UTF-8"?>
<!-- Generated by org.testng.reporters.JUnitReportReporter -->
<testsuite hostname="DESKTOP-7IK17HP" failures="0" tests="2" name="bank.loan.BankDetails" time="0.064" errors="1" timestamp="2020-08-31T17:18:40 IST" skipped="0">
  <testcase classname="bank.loan.BankDetails" name="hobbies" time="0.064"/>
  <system-out/>
  <testcase classname="bank.loan.BankDetails" name="carLoan" time="0.000">
    <error message="
Parameter &#039;URL&#039; is required by @Test on method carLoan but has not been marked @Optional or defined
in C:\Users\PARANTHAMAN GEETHA\eclipse-workspace\TestNGTutorial\test-output\testng-failed.xml" type="org.testng.TestNGException">
      <![CDATA[org.testng.TestNGException: 
Parameter 'URL' is required by @Test on method carLoan but has not been marked @Optional or defined
in C:\Users\PARANTHAMAN GEETHA\eclipse-workspace\TestNGTutorial\test-output\testng-failed.xml
at org.testng.internal.Parameters.createParams(Parameters.java:268)
at org.testng.internal.Parameters.createParametersForMethod(Parameters.java:356)
at org.testng.internal.Parameters.createParameters(Parameters.java:700)
at org.testng.internal.Parameters.handleParameters(Parameters.java:875)
at org.testng.internal.Parameters.handleParameters(Parameters.java:740)
at org.testng.internal.ParameterHandler.handleParameters(ParameterHandler.java:59)
at org.testng.internal.ParameterHandler.createParameters(ParameterHandler.java:38)
at org.testng.internal.TestInvoker$MethodInvocationAgent.invoke(TestInvoker.java:789)
at org.testng.internal.TestInvoker.invokeTestMethods(TestInvoker.java:147)
at org.testng.internal.TestMethodWorker.invokeTestMethods(TestMethodWorker.java:146)
at org.testng.internal.TestMethodWorker.run(TestMethodWorker.java:128)
at java.base/java.util.concurrent.ThreadPoolExecutor.runWorker(ThreadPoolExecutor.java:1130)
at java.base/java.util.concurrent.ThreadPoolExecutor$Worker.run(ThreadPoolExecutor.java:630)
at java.base/java.lang.Thread.run(Thread.java:832)
]]>
    </error>
  </testcase> <!-- carLoan -->
  <system-out/>
</testsuite> <!-- bank.loan.BankDetails -->
